<?xml version="1.0" encoding="UTF-8"?>
<testng-results skipped="0" failed="0" ignored="0" total="6" passed="6">
  <reporter-output>
  </reporter-output>
  <suite name="Default suite" duration-ms="1763" started-at="2020-12-04T22:03:38Z" finished-at="2020-12-04T22:03:40Z">
    <groups>
      <group name="cucumber">
        <method signature="AbstractTestNGCucumberTests.runScenario(io.cucumber.testng.PickleWrapper, io.cucumber.testng.FeatureWrapper)[pri:0, instance:stepDef.CucumberRunner@47542153]" name="runScenario" class="io.cucumber.testng.AbstractTestNGCucumberTests"/>
      </group> <!-- cucumber -->
    </groups>
    <test name="Default test" duration-ms="1763" started-at="2020-12-04T22:03:38Z" finished-at="2020-12-04T22:03:40Z">
      <class name="stepDef.CucumberRunner">
        <test-method status="PASS" signature="setUpClass()[pri:0, instance:stepDef.CucumberRunner@47542153]" name="setUpClass" is-config="true" duration-ms="1035" started-at="2020-12-04T22:03:38Z" finished-at="2020-12-04T22:03:39Z">
          <reporter-output>
          </reporter-output>
        </test-method> <!-- setUpClass -->
        <test-method status="PASS" signature="runScenario(io.cucumber.testng.PickleWrapper, io.cucumber.testng.FeatureWrapper)[pri:0, instance:stepDef.CucumberRunner@47542153]" name="runScenario" duration-ms="335" started-at="2020-12-04T22:03:39Z" description="Runs Cucumber Scenarios" data-provider="scenarios" finished-at="2020-12-04T22:03:40Z">
          <params>
            <param index="0">
              <value>
                <![CDATA["We are going to multiply given numbers."]]>
              </value>
            </param>
            <param index="1">
              <value>
                <![CDATA["Optional[This file is to practice cucumber.]"]]>
              </value>
            </param>
          </params>
          <reporter-output>
          </reporter-output>
        </test-method> <!-- runScenario -->
        <test-method status="PASS" signature="runScenario(io.cucumber.testng.PickleWrapper, io.cucumber.testng.FeatureWrapper)[pri:0, instance:stepDef.CucumberRunner@47542153]" name="runScenario" duration-ms="24" started-at="2020-12-04T22:03:40Z" description="Runs Cucumber Scenarios" data-provider="scenarios" finished-at="2020-12-04T22:03:40Z">
          <params>
            <param index="0">
              <value>
                <![CDATA["second attempt"]]>
              </value>
            </param>
            <param index="1">
              <value>
                <![CDATA["Optional[This file is to practice cucumber.]"]]>
              </value>
            </param>
          </params>
          <reporter-output>
          </reporter-output>
        </test-method> <!-- runScenario -->
        <test-method status="PASS" signature="runScenario(io.cucumber.testng.PickleWrapper, io.cucumber.testng.FeatureWrapper)[pri:0, instance:stepDef.CucumberRunner@47542153]" name="runScenario" duration-ms="32" started-at="2020-12-04T22:03:40Z" description="Runs Cucumber Scenarios" data-provider="scenarios" finished-at="2020-12-04T22:03:40Z">
          <params>
            <param index="0">
              <value>
                <![CDATA["multiply, multiply numbers"]]>
              </value>
            </param>
            <param index="1">
              <value>
                <![CDATA["Optional[This file is to practice cucumber.]"]]>
              </value>
            </param>
          </params>
          <reporter-output>
          </reporter-output>
        </test-method> <!-- runScenario -->
        <test-method status="PASS" signature="runScenario(io.cucumber.testng.PickleWrapper, io.cucumber.testng.FeatureWrapper)[pri:0, instance:stepDef.CucumberRunner@47542153]" name="runScenario" duration-ms="17" started-at="2020-12-04T22:03:40Z" description="Runs Cucumber Scenarios" data-provider="scenarios" finished-at="2020-12-04T22:03:40Z">
          <params>
            <param index="0">
              <value>
                <![CDATA["multiply, multiply numbers"]]>
              </value>
            </param>
            <param index="1">
              <value>
                <![CDATA["Optional[This file is to practice cucumber.]"]]>
              </value>
            </param>
          </params>
          <reporter-output>
          </reporter-output>
        </test-method> <!-- runScenario -->
        <test-method status="PASS" signature="runScenario(io.cucumber.testng.PickleWrapper, io.cucumber.testng.FeatureWrapper)[pri:0, instance:stepDef.CucumberRunner@47542153]" name="runScenario" duration-ms="14" started-at="2020-12-04T22:03:40Z" description="Runs Cucumber Scenarios" data-provider="scenarios" finished-at="2020-12-04T22:03:40Z">
          <params>
            <param index="0">
              <value>
                <![CDATA["multiply, multiply numbers"]]>
              </value>
            </param>
            <param index="1">
              <value>
                <![CDATA["Optional[This file is to practice cucumber.]"]]>
              </value>
            </param>
          </params>
          <reporter-output>
          </reporter-output>
        </test-method> <!-- runScenario -->
        <test-method status="PASS" signature="runScenario(io.cucumber.testng.PickleWrapper, io.cucumber.testng.FeatureWrapper)[pri:0, instance:stepDef.CucumberRunner@47542153]" name="runScenario" duration-ms="16" started-at="2020-12-04T22:03:40Z" description="Runs Cucumber Scenarios" data-provider="scenarios" finished-at="2020-12-04T22:03:40Z">
          <params>
            <param index="0">
              <value>
                <![CDATA["multiply, multiply numbers"]]>
              </value>
            </param>
            <param index="1">
              <value>
                <![CDATA["Optional[This file is to practice cucumber.]"]]>
              </value>
            </param>
          </params>
          <reporter-output>
          </reporter-output>
        </test-method> <!-- runScenario -->
        <test-method status="PASS" signature="tearDownClass()[pri:0, instance:stepDef.CucumberRunner@47542153]" name="tearDownClass" is-config="true" duration-ms="246" started-at="2020-12-04T22:03:40Z" finished-at="2020-12-04T22:03:40Z">
          <reporter-output>
          </reporter-output>
        </test-method> <!-- tearDownClass -->
      </class> <!-- stepDef.CucumberRunner -->
    </test> <!-- Default test -->
  </suite> <!-- Default suite -->
</testng-results>
